Using pre-set license
Built from '2020.2/release' branch; Version is '2020.2.1f1 (270dd8c3da1c) revision 2559448'; Using compiler version '192528614'; Build Type 'Release'
OS: 'Windows 10  (10.0.0) 64bit' Language: 'en' Physical Memory: 16296 MB
BatchMode: 1, IsHumanControllingUs: 0, StartBugReporterOnCrash: 0, Is64bit: 1, IsPro: 0

 COMMAND LINE ARGUMENTS:
C:\Program Files\Unity\Hub\Editor\2020.2.1f1\Editor\Unity.exe
-adb2
-batchMode
-noUpm
-name
AssetImportWorker0
-projectPath
C:/Users/yaniv/Desktop/Physics4/A3/Physics Assignment 3
-logFile
Logs/AssetImportWorker0.log
-srvPort
54835
Successfully changed project path to: C:/Users/yaniv/Desktop/Physics4/A3/Physics Assignment 3
C:/Users/yaniv/Desktop/Physics4/A3/Physics Assignment 3
Using Asset Import Pipeline V2.
Refreshing native plugins compatible for Editor in 34.61 ms, found 0 plugins.
Preloading 0 native plugins for Editor in 0.00 ms.
Initialize engine version: 2020.2.1f1 (270dd8c3da1c)
[Subsystems] Discovering subsystems at path C:/Program Files/Unity/Hub/Editor/2020.2.1f1/Editor/Data/Resources/UnitySubsystems
[Subsystems] Discovering subsystems at path C:/Users/yaniv/Desktop/Physics4/A3/Physics Assignment 3/Assets
GfxDevice: creating device client; threaded=0
Direct3D:
    Version:  Direct3D 11.0 [level 11.1]
    Renderer: NVIDIA GeForce RTX 2060 SUPER (ID=0x1f06)
    Vendor:   
    VRAM:     8031 MB
    Driver:   27.21.14.6109
Initialize mono
Mono path[0] = 'C:/Program Files/Unity/Hub/Editor/2020.2.1f1/Editor/Data/Managed'
Mono path[1] = 'C:/Program Files/Unity/Hub/Editor/2020.2.1f1/Editor/Data/MonoBleedingEdge/lib/mono/unityjit'
Mono config path = 'C:/Program Files/Unity/Hub/Editor/2020.2.1f1/Editor/Data/MonoBleedingEdge/etc'
Using monoOptions --debugger-agent=transport=dt_socket,embedding=1,server=y,suspend=n,address=127.0.0.1:56752
Begin MonoManager ReloadAssembly
Registering precompiled unity dll's ...
Register platform support module: C:/Program Files/Unity/Hub/Editor/2020.2.1f1/Editor/Data/PlaybackEngines/WebGLSupport/UnityEditor.WebGL.Extensions.dll
Register platform support module: C:/Program Files/Unity/Hub/Editor/2020.2.1f1/Editor/Data/PlaybackEngines/WindowsStandaloneSupport/UnityEditor.WindowsStandalone.Extensions.dll
Register platform support module: C:/Program Files/Unity/Hub/Editor/2020.2.1f1/Editor/Data/PlaybackEngines/LinuxStandaloneSupport/UnityEditor.LinuxStandalone.Extensions.dll
Registered in 0.002391 seconds.
Native extension for LinuxStandalone target not found
Native extension for WindowsStandalone target not found
Native extension for WebGL target not found
Refreshing native plugins compatible for Editor in 28.05 ms, found 0 plugins.
Preloading 0 native plugins for Editor in 0.00 ms.
Invoked RoslynAnalysisRunner static constructor.
RoslynAnalysisRunner will not be running.
RoslynAnalysisRunner has terminated.
Mono: successfully reloaded assembly
- Completed reload, in  1.660 seconds
Platform modules already initialized, skipping
Registering precompiled user dll's ...
Registered in 0.003471 seconds.
Begin MonoManager ReloadAssembly
Native extension for LinuxStandalone target not found
Native extension for WindowsStandalone target not found
Native extension for WebGL target not found
Refreshing native plugins compatible for Editor in 0.46 ms, found 0 plugins.
Preloading 0 native plugins for Editor in 0.00 ms.
Invoked RoslynAnalysisRunner static constructor.
RoslynAnalysisRunner will not be running.
RoslynAnalysisRunner has terminated.
Mono: successfully reloaded assembly
- Completed reload, in  0.944 seconds
Platform modules already initialized, skipping
========================================================================
Worker process is ready to serve import requests
Launched and connected shader compiler UnityShaderCompiler.exe after 0.05 seconds
Refreshing native plugins compatible for Editor in 0.42 ms, found 0 plugins.
Preloading 0 native plugins for Editor in 0.00 ms.
Unloading 1516 Unused Serialized files (Serialized files now loaded: 0)
System memory in use before: 68.5 MB.
System memory in use after: 68.5 MB.

Unloading 37 unused Assets to reduce memory usage. Loaded Objects now: 1941.
Total: 3.135500 ms (FindLiveObjects: 0.390500 ms CreateObjectMapping: 0.123000 ms MarkObjects: 2.542600 ms  DeleteObjects: 0.077700 ms)

========================================================================
Received Import Request.
  path: Assets/Scripts/HingePlatform.cs
  artifactKey: Guid(dc0ddf918cbd5224e8ae4f4fce5719c9) Importer(815301076,1909f56bfc062723c751e8b465ee728b)
Start importing Assets/Scripts/HingePlatform.cs using Guid(dc0ddf918cbd5224e8ae4f4fce5719c9) Importer(815301076,1909f56bfc062723c751e8b465ee728b)  -> (artifact id: 'fab6a0b43662e5a8320e76cd3699d130') in 0.028999 seconds
  Import took 0.032480 seconds .

========================================================================
Received Prepare
Registering precompiled user dll's ...
Registered in 0.003329 seconds.
Begin MonoManager ReloadAssembly
Native extension for LinuxStandalone target not found
Native extension for WindowsStandalone target not found
Native extension for WebGL target not found
Refreshing native plugins compatible for Editor in 0.37 ms, found 0 plugins.
Preloading 0 native plugins for Editor in 0.00 ms.
Invoked RoslynAnalysisRunner static constructor.
RoslynAnalysisRunner will not be running.
RoslynAnalysisRunner has terminated.
Mono: successfully reloaded assembly
- Completed reload, in  0.740 seconds
Platform modules already initialized, skipping
Refreshing native plugins compatible for Editor in 0.97 ms, found 0 plugins.
Preloading 0 native plugins for Editor in 0.00 ms.
Unloading 1511 Unused Serialized files (Serialized files now loaded: 0)
System memory in use before: 68.6 MB.
System memory in use after: 68.7 MB.

Unloading 28 unused Assets to reduce memory usage. Loaded Objects now: 1943.
Total: 2.647800 ms (FindLiveObjects: 0.387200 ms CreateObjectMapping: 0.135700 ms MarkObjects: 2.103100 ms  DeleteObjects: 0.019700 ms)

========================================================================
Received Prepare
Registering precompiled user dll's ...
Registered in 0.003531 seconds.
Begin MonoManager ReloadAssembly
Native extension for LinuxStandalone target not found
Native extension for WindowsStandalone target not found
Native extension for WebGL target not found
Refreshing native plugins compatible for Editor in 0.42 ms, found 0 plugins.
Preloading 0 native plugins for Editor in 0.00 ms.
Invoked RoslynAnalysisRunner static constructor.
RoslynAnalysisRunner will not be running.
RoslynAnalysisRunner has terminated.
Mono: successfully reloaded assembly
- Completed reload, in  0.665 seconds
Platform modules already initialized, skipping
Refreshing native plugins compatible for Editor in 0.48 ms, found 0 plugins.
Preloading 0 native plugins for Editor in 0.00 ms.
Unloading 1511 Unused Serialized files (Serialized files now loaded: 0)
System memory in use before: 68.8 MB.
System memory in use after: 68.9 MB.

Unloading 28 unused Assets to reduce memory usage. Loaded Objects now: 1945.
Total: 2.085200 ms (FindLiveObjects: 0.180100 ms CreateObjectMapping: 0.066200 ms MarkObjects: 1.810900 ms  DeleteObjects: 0.027000 ms)

========================================================================
Received Prepare
Registering precompiled user dll's ...
Registered in 0.003881 seconds.
Begin MonoManager ReloadAssembly
Script error: OnCollisionEnter
This message parameter has to be of type: Collision
The message will be ignored.

Native extension for LinuxStandalone target not found
Native extension for WindowsStandalone target not found
Native extension for WebGL target not found
Refreshing native plugins compatible for Editor in 0.43 ms, found 0 plugins.
Preloading 0 native plugins for Editor in 0.00 ms.
Invoked RoslynAnalysisRunner static constructor.
RoslynAnalysisRunner will not be running.
RoslynAnalysisRunner has terminated.
Mono: successfully reloaded assembly
- Completed reload, in  0.653 seconds
Platform modules already initialized, skipping
Refreshing native plugins compatible for Editor in 0.35 ms, found 0 plugins.
Preloading 0 native plugins for Editor in 0.00 ms.
Unloading 1511 Unused Serialized files (Serialized files now loaded: 0)
System memory in use before: 69.1 MB.
System memory in use after: 69.2 MB.

Unloading 28 unused Assets to reduce memory usage. Loaded Objects now: 1947.
Total: 1.440700 ms (FindLiveObjects: 0.169700 ms CreateObjectMapping: 0.048900 ms MarkObjects: 1.202400 ms  DeleteObjects: 0.018700 ms)

========================================================================
Received Import Request.
  Time since last request: 337.620800 seconds.
  path: Assets/Scripts/HingePlatform.cs
  artifactKey: Guid(dc0ddf918cbd5224e8ae4f4fce5719c9) Importer(815301076,1909f56bfc062723c751e8b465ee728b)
Start importing Assets/Scripts/HingePlatform.cs using Guid(dc0ddf918cbd5224e8ae4f4fce5719c9) Importer(815301076,1909f56bfc062723c751e8b465ee728b)  -> (artifact id: '32676e2bc5f0a0d866c32ac14f1df766') in 0.005045 seconds
  Import took 0.007814 seconds .

========================================================================
Received Prepare
Registering precompiled user dll's ...
Registered in 0.004116 seconds.
Script error: OnCollisionEnter
This message parameter has to be of type: Collision
The message will be ignored.

Begin MonoManager ReloadAssembly
Native extension for LinuxStandalone target not found
Native extension for WindowsStandalone target not found
Native extension for WebGL target not found
Refreshing native plugins compatible for Editor in 0.36 ms, found 0 plugins.
Preloading 0 native plugins for Editor in 0.00 ms.
Invoked RoslynAnalysisRunner static constructor.
RoslynAnalysisRunner will not be running.
RoslynAnalysisRunner has terminated.
Mono: successfully reloaded assembly
- Completed reload, in  0.655 seconds
Platform modules already initialized, skipping
Refreshing native plugins compatible for Editor in 0.40 ms, found 0 plugins.
Preloading 0 native plugins for Editor in 0.00 ms.
Unloading 1511 Unused Serialized files (Serialized files now loaded: 0)
System memory in use before: 69.3 MB.
System memory in use after: 69.4 MB.

Unloading 28 unused Assets to reduce memory usage. Loaded Objects now: 1949.
Total: 1.404600 ms (FindLiveObjects: 0.139600 ms CreateObjectMapping: 0.041500 ms MarkObjects: 1.208300 ms  DeleteObjects: 0.014300 ms)

========================================================================
Received Import Request.
  Time since last request: 10.335347 seconds.
  path: Assets/Scripts/HingePlatform.cs
  artifactKey: Guid(dc0ddf918cbd5224e8ae4f4fce5719c9) Importer(815301076,1909f56bfc062723c751e8b465ee728b)
Start importing Assets/Scripts/HingePlatform.cs using Guid(dc0ddf918cbd5224e8ae4f4fce5719c9) Importer(815301076,1909f56bfc062723c751e8b465ee728b)  -> (artifact id: '761f3b086d6a7d66389a43f5e21d26dd') in 0.003491 seconds
  Import took 0.012419 seconds .

========================================================================
Received Prepare
Registering precompiled user dll's ...
Registered in 0.003431 seconds.
Begin MonoManager ReloadAssembly
Native extension for LinuxStandalone target not found
Native extension for WindowsStandalone target not found
Native extension for WebGL target not found
Refreshing native plugins compatible for Editor in 0.38 ms, found 0 plugins.
Preloading 0 native plugins for Editor in 0.00 ms.
Invoked RoslynAnalysisRunner static constructor.
RoslynAnalysisRunner will not be running.
RoslynAnalysisRunner has terminated.
Mono: successfully reloaded assembly
- Completed reload, in  0.656 seconds
Platform modules already initialized, skipping
Refreshing native plugins compatible for Editor in 0.41 ms, found 0 plugins.
Preloading 0 native plugins for Editor in 0.00 ms.
Unloading 1511 Unused Serialized files (Serialized files now loaded: 0)
System memory in use before: 69.5 MB.
System memory in use after: 69.6 MB.

Unloading 28 unused Assets to reduce memory usage. Loaded Objects now: 1951.
Total: 1.834800 ms (FindLiveObjects: 0.212800 ms CreateObjectMapping: 0.064200 ms MarkObjects: 1.535600 ms  DeleteObjects: 0.021400 ms)

========================================================================
Received Import Request.
  Time since last request: 300.040380 seconds.
  path: ProjectSettings/TagManager.asset
  artifactKey: Guid(00000000000000003000000000000000) Importer(815301076,1909f56bfc062723c751e8b465ee728b)
Start importing ProjectSettings/TagManager.asset using Guid(00000000000000003000000000000000) Importer(815301076,1909f56bfc062723c751e8b465ee728b)  -> (artifact id: '8988b340c206bb1d98ca0d47b0266d3b') in 0.012981 seconds
  Import took 0.015939 seconds .

========================================================================
Received Import Request.
  Time since last request: 0.000606 seconds.
  path: ProjectSettings/TagManager.asset
  artifactKey: Guid(00000000000000003000000000000000) Importer(815301076,1909f56bfc062723c751e8b465ee728b)
Start importing ProjectSettings/TagManager.asset using Guid(00000000000000003000000000000000) Importer(815301076,1909f56bfc062723c751e8b465ee728b)  -> (artifact id: '8988b340c206bb1d98ca0d47b0266d3b') in 0.001974 seconds
  Import took 0.004370 seconds .

========================================================================
Received Prepare
Registering precompiled user dll's ...
Registered in 0.003400 seconds.
Begin MonoManager ReloadAssembly
Native extension for LinuxStandalone target not found
Native extension for WindowsStandalone target not found
Native extension for WebGL target not found
Refreshing native plugins compatible for Editor in 0.40 ms, found 0 plugins.
Preloading 0 native plugins for Editor in 0.00 ms.
Invoked RoslynAnalysisRunner static constructor.
RoslynAnalysisRunner will not be running.
RoslynAnalysisRunner has terminated.
Mono: successfully reloaded assembly
- Completed reload, in  0.651 seconds
Platform modules already initialized, skipping
Refreshing native plugins compatible for Editor in 0.73 ms, found 0 plugins.
Preloading 0 native plugins for Editor in 0.00 ms.
Unloading 1511 Unused Serialized files (Serialized files now loaded: 0)
System memory in use before: 69.7 MB.
System memory in use after: 69.8 MB.

Unloading 30 unused Assets to reduce memory usage. Loaded Objects now: 1953.
Total: 3.338800 ms (FindLiveObjects: 0.574100 ms CreateObjectMapping: 0.349400 ms MarkObjects: 2.381700 ms  DeleteObjects: 0.031300 ms)

========================================================================
Received Prepare
Registering precompiled user dll's ...
Registered in 0.003336 seconds.
Begin MonoManager ReloadAssembly
Native extension for LinuxStandalone target not found
Native extension for WindowsStandalone target not found
Native extension for WebGL target not found
Refreshing native plugins compatible for Editor in 0.37 ms, found 0 plugins.
Preloading 0 native plugins for Editor in 0.00 ms.
Invoked RoslynAnalysisRunner static constructor.
RoslynAnalysisRunner will not be running.
RoslynAnalysisRunner has terminated.
Mono: successfully reloaded assembly
- Completed reload, in  0.649 seconds
Platform modules already initialized, skipping
Refreshing native plugins compatible for Editor in 1.01 ms, found 0 plugins.
Preloading 0 native plugins for Editor in 0.00 ms.
Unloading 1511 Unused Serialized files (Serialized files now loaded: 0)
System memory in use before: 69.9 MB.
System memory in use after: 70.0 MB.

Unloading 28 unused Assets to reduce memory usage. Loaded Objects now: 1955.
Total: 4.261100 ms (FindLiveObjects: 0.567600 ms CreateObjectMapping: 0.222100 ms MarkObjects: 3.420300 ms  DeleteObjects: 0.047800 ms)

========================================================================
Received Prepare
Registering precompiled user dll's ...
Registered in 0.003858 seconds.
Begin MonoManager ReloadAssembly
Native extension for LinuxStandalone target not found
Native extension for WindowsStandalone target not found
Native extension for WebGL target not found
Refreshing native plugins compatible for Editor in 0.40 ms, found 0 plugins.
Preloading 0 native plugins for Editor in 0.00 ms.
Invoked RoslynAnalysisRunner static constructor.
RoslynAnalysisRunner will not be running.
RoslynAnalysisRunner has terminated.
Mono: successfully reloaded assembly
- Completed reload, in  0.641 seconds
Platform modules already initialized, skipping
Refreshing native plugins compatible for Editor in 0.38 ms, found 0 plugins.
Preloading 0 native plugins for Editor in 0.00 ms.
Unloading 1511 Unused Serialized files (Serialized files now loaded: 0)
System memory in use before: 70.1 MB.
System memory in use after: 70.2 MB.

Unloading 28 unused Assets to reduce memory usage. Loaded Objects now: 1957.
Total: 2.391800 ms (FindLiveObjects: 0.616300 ms CreateObjectMapping: 0.121900 ms MarkObjects: 1.627400 ms  DeleteObjects: 0.024600 ms)

========================================================================
Received Prepare
Registering precompiled user dll's ...
Registered in 0.003894 seconds.
Begin MonoManager ReloadAssembly
Native extension for LinuxStandalone target not found
Native extension for WindowsStandalone target not found
Native extension for WebGL target not found
Refreshing native plugins compatible for Editor in 0.53 ms, found 0 plugins.
Preloading 0 native plugins for Editor in 0.00 ms.
Invoked RoslynAnalysisRunner static constructor.
RoslynAnalysisRunner will not be running.
RoslynAnalysisRunner has terminated.
Mono: successfully reloaded assembly
- Completed reload, in  0.652 seconds
Platform modules already initialized, skipping
Refreshing native plugins compatible for Editor in 0.75 ms, found 0 plugins.
Preloading 0 native plugins for Editor in 0.00 ms.
Unloading 1511 Unused Serialized files (Serialized files now loaded: 0)
System memory in use before: 70.2 MB.
System memory in use after: 70.3 MB.

Unloading 28 unused Assets to reduce memory usage. Loaded Objects now: 1959.
Total: 2.737400 ms (FindLiveObjects: 0.440600 ms CreateObjectMapping: 0.189700 ms MarkObjects: 2.083600 ms  DeleteObjects: 0.021800 ms)

========================================================================
Received Prepare
Registering precompiled user dll's ...
Registered in 0.003206 seconds.
Begin MonoManager ReloadAssembly
Native extension for LinuxStandalone target not found
Native extension for WindowsStandalone target not found
Native extension for WebGL target not found
Refreshing native plugins compatible for Editor in 0.37 ms, found 0 plugins.
Preloading 0 native plugins for Editor in 0.00 ms.
Invoked RoslynAnalysisRunner static constructor.
RoslynAnalysisRunner will not be running.
RoslynAnalysisRunner has terminated.
Mono: successfully reloaded assembly
- Completed reload, in  0.668 seconds
Platform modules already initialized, skipping
Refreshing native plugins compatible for Editor in 0.37 ms, found 0 plugins.
Preloading 0 native plugins for Editor in 0.00 ms.
Unloading 1511 Unused Serialized files (Serialized files now loaded: 0)
System memory in use before: 70.4 MB.
System memory in use after: 70.5 MB.

Unloading 28 unused Assets to reduce memory usage. Loaded Objects now: 1961.
Total: 1.520300 ms (FindLiveObjects: 0.235000 ms CreateObjectMapping: 0.056000 ms MarkObjects: 1.212800 ms  DeleteObjects: 0.014700 ms)

========================================================================
Received Import Request.
  Time since last request: 280.068122 seconds.
  path: Assets/Animations/NinjaAnimController.controller
  artifactKey: Guid(27326ab2747e2c844ae79b34d68bf654) Importer(815301076,1909f56bfc062723c751e8b465ee728b)
Start importing Assets/Animations/NinjaAnimController.controller using Guid(27326ab2747e2c844ae79b34d68bf654) Importer(815301076,1909f56bfc062723c751e8b465ee728b)  -> (artifact id: 'fb73ea8f00b9d2d1de1c83637dec6794') in 0.027521 seconds
  Import took 0.029727 seconds .

========================================================================
Received Import Request.
  Time since last request: 0.887950 seconds.
  path: Assets/Animations/NinjaAnimController.controller
  artifactKey: Guid(27326ab2747e2c844ae79b34d68bf654) Importer(815301076,1909f56bfc062723c751e8b465ee728b)
Start importing Assets/Animations/NinjaAnimController.controller using Guid(27326ab2747e2c844ae79b34d68bf654) Importer(815301076,1909f56bfc062723c751e8b465ee728b)  -> (artifact id: '3736b5c0521afeb34c73c5adde360dc4') in 0.017162 seconds
  Import took 0.020127 seconds .

========================================================================
Received Prepare
Registering precompiled user dll's ...
Registered in 0.003380 seconds.
Begin MonoManager ReloadAssembly
Native extension for LinuxStandalone target not found
Native extension for WindowsStandalone target not found
Native extension for WebGL target not found
Refreshing native plugins compatible for Editor in 0.36 ms, found 0 plugins.
Preloading 0 native plugins for Editor in 0.00 ms.
Invoked RoslynAnalysisRunner static constructor.
RoslynAnalysisRunner will not be running.
RoslynAnalysisRunner has terminated.
Mono: successfully reloaded assembly
- Completed reload, in  0.660 seconds
Platform modules already initialized, skipping
Refreshing native plugins compatible for Editor in 0.37 ms, found 0 plugins.
Preloading 0 native plugins for Editor in 0.00 ms.
Unloading 1511 Unused Serialized files (Serialized files now loaded: 0)
System memory in use before: 70.5 MB.
System memory in use after: 70.6 MB.

Unloading 28 unused Assets to reduce memory usage. Loaded Objects now: 1963.
Total: 2.274200 ms (FindLiveObjects: 0.369800 ms CreateObjectMapping: 0.109500 ms MarkObjects: 1.747800 ms  DeleteObjects: 0.045900 ms)

========================================================================
Received Prepare
Registering precompiled user dll's ...
Registered in 0.003288 seconds.
Begin MonoManager ReloadAssembly
Native extension for LinuxStandalone target not found
Native extension for WindowsStandalone target not found
Native extension for WebGL target not found
Refreshing native plugins compatible for Editor in 0.38 ms, found 0 plugins.
Preloading 0 native plugins for Editor in 0.00 ms.
Invoked RoslynAnalysisRunner static constructor.
RoslynAnalysisRunner will not be running.
RoslynAnalysisRunner has terminated.
Mono: successfully reloaded assembly
- Completed reload, in  0.637 seconds
Platform modules already initialized, skipping
Refreshing native plugins compatible for Editor in 0.38 ms, found 0 plugins.
Preloading 0 native plugins for Editor in 0.00 ms.
Unloading 1511 Unused Serialized files (Serialized files now loaded: 0)
System memory in use before: 69.8 MB.
System memory in use after: 69.9 MB.

Unloading 28 unused Assets to reduce memory usage. Loaded Objects now: 1965.
Total: 1.461200 ms (FindLiveObjects: 0.174000 ms CreateObjectMapping: 0.051600 ms MarkObjects: 1.219200 ms  DeleteObjects: 0.015100 ms)

========================================================================
Received Prepare
Registering precompiled user dll's ...
Registered in 0.003250 seconds.
Begin MonoManager ReloadAssembly
Native extension for LinuxStandalone target not found
Native extension for WindowsStandalone target not found
Native extension for WebGL target not found
Refreshing native plugins compatible for Editor in 0.38 ms, found 0 plugins.
Preloading 0 native plugins for Editor in 0.00 ms.
Invoked RoslynAnalysisRunner static constructor.
RoslynAnalysisRunner will not be running.
RoslynAnalysisRunner has terminated.
Mono: successfully reloaded assembly
- Completed reload, in  0.646 seconds
Platform modules already initialized, skipping
Refreshing native plugins compatible for Editor in 0.36 ms, found 0 plugins.
Preloading 0 native plugins for Editor in 0.00 ms.
Unloading 1511 Unused Serialized files (Serialized files now loaded: 0)
System memory in use before: 70.0 MB.
System memory in use after: 70.1 MB.

Unloading 28 unused Assets to reduce memory usage. Loaded Objects now: 1967.
Total: 1.574500 ms (FindLiveObjects: 0.144800 ms CreateObjectMapping: 0.045000 ms MarkObjects: 1.362400 ms  DeleteObjects: 0.021600 ms)

========================================================================
Received Import Request.
  Time since last request: 799.833277 seconds.
  path: Assets/Animations/NinjaRun.anim
  artifactKey: Guid(1beb28ec204c23042832e69d00ed40a7) Importer(815301076,1909f56bfc062723c751e8b465ee728b)
Start importing Assets/Animations/NinjaRun.anim using Guid(1beb28ec204c23042832e69d00ed40a7) Importer(815301076,1909f56bfc062723c751e8b465ee728b)  -> (artifact id: 'cc32d5665ca005deaa2bb029c73b5943') in 0.014885 seconds
  Import took 0.018342 seconds .

========================================================================
Received Prepare
Registering precompiled user dll's ...
Registered in 0.003255 seconds.
Begin MonoManager ReloadAssembly
Native extension for LinuxStandalone target not found
Native extension for WindowsStandalone target not found
Native extension for WebGL target not found
Refreshing native plugins compatible for Editor in 0.36 ms, found 0 plugins.
Preloading 0 native plugins for Editor in 0.00 ms.
Invoked RoslynAnalysisRunner static constructor.
RoslynAnalysisRunner will not be running.
RoslynAnalysisRunner has terminated.
Mono: successfully reloaded assembly
- Completed reload, in  0.648 seconds
Platform modules already initialized, skipping
Refreshing native plugins compatible for Editor in 0.54 ms, found 0 plugins.
Preloading 0 native plugins for Editor in 0.00 ms.
Unloading 1511 Unused Serialized files (Serialized files now loaded: 0)
System memory in use before: 70.2 MB.
System memory in use after: 70.3 MB.

Unloading 28 unused Assets to reduce memory usage. Loaded Objects now: 1969.
Total: 2.808900 ms (FindLiveObjects: 0.223500 ms CreateObjectMapping: 0.100900 ms MarkObjects: 2.454600 ms  DeleteObjects: 0.028900 ms)

========================================================================
Received Import Request.
  Time since last request: 18.777632 seconds.
  path: Assets/Animations/NinjaWalkForward.anim
  artifactKey: Guid(aeaaf080fe877e041951f70feadadbe7) Importer(815301076,1909f56bfc062723c751e8b465ee728b)
Start importing Assets/Animations/NinjaWalkForward.anim using Guid(aeaaf080fe877e041951f70feadadbe7) Importer(815301076,1909f56bfc062723c751e8b465ee728b)  -> (artifact id: 'bf3634c14d80547d466bf2c9ba67e0c0') in 0.013636 seconds
  Import took 0.016785 seconds .

========================================================================
Received Prepare
Registering precompiled user dll's ...
Registered in 0.003337 seconds.
Begin MonoManager ReloadAssembly
Native extension for LinuxStandalone target not found
Native extension for WindowsStandalone target not found
Native extension for WebGL target not found
Refreshing native plugins compatible for Editor in 0.43 ms, found 0 plugins.
Preloading 0 native plugins for Editor in 0.00 ms.
Invoked RoslynAnalysisRunner static constructor.
RoslynAnalysisRunner will not be running.
RoslynAnalysisRunner has terminated.
Mono: successfully reloaded assembly
- Completed reload, in  0.675 seconds
Platform modules already initialized, skipping
Refreshing native plugins compatible for Editor in 0.42 ms, found 0 plugins.
Preloading 0 native plugins for Editor in 0.00 ms.
Unloading 1511 Unused Serialized files (Serialized files now loaded: 0)
System memory in use before: 70.4 MB.
System memory in use after: 70.5 MB.

Unloading 28 unused Assets to reduce memory usage. Loaded Objects now: 1971.
Total: 1.359900 ms (FindLiveObjects: 0.147600 ms CreateObjectMapping: 0.043500 ms MarkObjects: 1.155300 ms  DeleteObjects: 0.012800 ms)

========================================================================
Received Import Request.
  Time since last request: 82.090610 seconds.
  path: Assets/Animations/NinjaWalkForward.fbx
  artifactKey: Guid(02f4b69d3f3b2774ea1aa0c225f44c7d) Importer(815301076,1909f56bfc062723c751e8b465ee728b)
Start importing Assets/Animations/NinjaWalkForward.fbx using Guid(02f4b69d3f3b2774ea1aa0c225f44c7d) Importer(815301076,1909f56bfc062723c751e8b465ee728b)  -> (artifact id: 'e5d0c0b8c87fdd474108d00d0c6a1136') in 0.189153 seconds
  Import took 0.191834 seconds .

========================================================================
Received Import Request.
  Time since last request: 7.700855 seconds.
  path: Assets/Animations/NinjaRunBack.fbx
  artifactKey: Guid(d8e7e9a13a0cb014cbcec793c927b10b) Importer(815301076,1909f56bfc062723c751e8b465ee728b)
Start importing Assets/Animations/NinjaRunBack.fbx using Guid(d8e7e9a13a0cb014cbcec793c927b10b) Importer(815301076,1909f56bfc062723c751e8b465ee728b)  -> (artifact id: 'c04c678b00c03753a1dd51cfaf7ee714') in 0.039466 seconds
  Import took 0.041996 seconds .

========================================================================
Received Import Request.
  Time since last request: 10.052083 seconds.
  path: Assets/Animations/NinjaRun.fbx
  artifactKey: Guid(be77c9c2ab6c80f4eb40eab05e8290b0) Importer(815301076,1909f56bfc062723c751e8b465ee728b)
Start importing Assets/Animations/NinjaRun.fbx using Guid(be77c9c2ab6c80f4eb40eab05e8290b0) Importer(815301076,1909f56bfc062723c751e8b465ee728b)  -> (artifact id: '153f92c92112c23d91728b26e5acddd6') in 0.047881 seconds
  Import took 0.051307 seconds .

========================================================================
Received Import Request.
  Time since last request: 6.200139 seconds.
  path: Assets/Animations/NinjaJump.fbx
  artifactKey: Guid(08bf08980c32c3041857ec92d76635cb) Importer(815301076,1909f56bfc062723c751e8b465ee728b)
Start importing Assets/Animations/NinjaJump.fbx using Guid(08bf08980c32c3041857ec92d76635cb) Importer(815301076,1909f56bfc062723c751e8b465ee728b)  -> (artifact id: 'a4857916934723dc6a022f0d432a63e9') in 0.047505 seconds
  Import took 0.050972 seconds .

========================================================================
Received Prepare
Registering precompiled user dll's ...
Registered in 0.003303 seconds.
Begin MonoManager ReloadAssembly
Native extension for LinuxStandalone target not found
Native extension for WindowsStandalone target not found
Native extension for WebGL target not found
Refreshing native plugins compatible for Editor in 0.51 ms, found 0 plugins.
Preloading 0 native plugins for Editor in 0.00 ms.
Invoked RoslynAnalysisRunner static constructor.
RoslynAnalysisRunner will not be running.
RoslynAnalysisRunner has terminated.
Mono: successfully reloaded assembly
- Completed reload, in  0.663 seconds
Platform modules already initialized, skipping
Refreshing native plugins compatible for Editor in 0.37 ms, found 0 plugins.
Preloading 0 native plugins for Editor in 0.00 ms.
Unloading 1511 Unused Serialized files (Serialized files now loaded: 0)
System memory in use before: 85.1 MB.
System memory in use after: 85.2 MB.

Unloading 28 unused Assets to reduce memory usage. Loaded Objects now: 2017.
Total: 1.528700 ms (FindLiveObjects: 0.169000 ms CreateObjectMapping: 0.053500 ms MarkObjects: 1.288900 ms  DeleteObjects: 0.016600 ms)

========================================================================
Received Import Request.
  Time since last request: 27.952515 seconds.
  path: Assets/Animations/NinjaIdle.fbx
  artifactKey: Guid(dc94e3caaeab8ac4f907b0532f5beb46) Importer(815301076,1909f56bfc062723c751e8b465ee728b)
Start importing Assets/Animations/NinjaIdle.fbx using Guid(dc94e3caaeab8ac4f907b0532f5beb46) Importer(815301076,1909f56bfc062723c751e8b465ee728b)  -> (artifact id: '63c369b748c101e40cc72202c04fafc3') in 0.083437 seconds
  Import took 0.085859 seconds .

========================================================================
Received Prepare
Registering precompiled user dll's ...
Registered in 0.004454 seconds.
Begin MonoManager ReloadAssembly
Native extension for LinuxStandalone target not found
Native extension for WindowsStandalone target not found
Native extension for WebGL target not found
Refreshing native plugins compatible for Editor in 0.42 ms, found 0 plugins.
Preloading 0 native plugins for Editor in 0.00 ms.
Invoked RoslynAnalysisRunner static constructor.
RoslynAnalysisRunner will not be running.
RoslynAnalysisRunner has terminated.
Mono: successfully reloaded assembly
- Completed reload, in  0.683 seconds
Platform modules already initialized, skipping
Refreshing native plugins compatible for Editor in 0.37 ms, found 0 plugins.
Preloading 0 native plugins for Editor in 0.00 ms.
Unloading 1511 Unused Serialized files (Serialized files now loaded: 0)
System memory in use before: 85.3 MB.
System memory in use after: 85.4 MB.

Unloading 28 unused Assets to reduce memory usage. Loaded Objects now: 2020.
Total: 2.303300 ms (FindLiveObjects: 0.282000 ms CreateObjectMapping: 0.065300 ms MarkObjects: 1.932400 ms  DeleteObjects: 0.021900 ms)

========================================================================
Received Import Request.
  Time since last request: 93.439254 seconds.
  path: Assets/Animations/NinjaRunBack.anim
  artifactKey: Guid(f226a19449603614fbe01ec8b33f1361) Importer(815301076,1909f56bfc062723c751e8b465ee728b)
Start importing Assets/Animations/NinjaRunBack.anim using Guid(f226a19449603614fbe01ec8b33f1361) Importer(815301076,1909f56bfc062723c751e8b465ee728b)  -> (artifact id: '6eca8f55710a1e9994a060756b03e330') in 0.020159 seconds
  Import took 0.022935 seconds .

========================================================================
Received Import Request.
  Time since last request: 285.853325 seconds.
  path: Assets/Animations/NinjaRun2.fbx
  artifactKey: Guid(f863af790a26104479eeb82726e7a788) Importer(815301076,1909f56bfc062723c751e8b465ee728b)
Start importing Assets/Animations/NinjaRun2.fbx using Guid(f863af790a26104479eeb82726e7a788) Importer(815301076,1909f56bfc062723c751e8b465ee728b)  -> (artifact id: 'cf20d1ccdf2b40e00a837731088d65ec') in 0.094612 seconds
  Import took 0.098317 seconds .

========================================================================
Received Import Request.
  Time since last request: 6.803198 seconds.
  path: Assets/Animations/NinjaWalkForward2.fbx
  artifactKey: Guid(0c761110b23e8d144bb4e114375c9b1b) Importer(815301076,1909f56bfc062723c751e8b465ee728b)
Start importing Assets/Animations/NinjaWalkForward2.fbx using Guid(0c761110b23e8d144bb4e114375c9b1b) Importer(815301076,1909f56bfc062723c751e8b465ee728b)  -> (artifact id: 'bad662b4226597154e61399b46af2f04') in 0.032655 seconds
  Import took 0.036623 seconds .

========================================================================
Received Import Request.
  Time since last request: 7.690985 seconds.
  path: Assets/Animations/mixamo.com.anim
  artifactKey: Guid(ea443a70314d9d54b99af40e4d699b02) Importer(815301076,1909f56bfc062723c751e8b465ee728b)
Start importing Assets/Animations/mixamo.com.anim using Guid(ea443a70314d9d54b99af40e4d699b02) Importer(815301076,1909f56bfc062723c751e8b465ee728b)  -> (artifact id: '79b63b8a473c9850b5253bd5844dfbec') in 0.007779 seconds
  Import took 0.010884 seconds .

========================================================================
Received Import Request.
  Time since last request: 10.955469 seconds.
  path: Assets/Animations/WalkFoward2.anim
  artifactKey: Guid(ea443a70314d9d54b99af40e4d699b02) Importer(815301076,1909f56bfc062723c751e8b465ee728b)
Start importing Assets/Animations/WalkFoward2.anim using Guid(ea443a70314d9d54b99af40e4d699b02) Importer(815301076,1909f56bfc062723c751e8b465ee728b)  -> (artifact id: '545c14b044bb5feae35431ee1b81df9d') in 0.005932 seconds
  Import took 0.009109 seconds .

========================================================================
Received Import Request.
  Time since last request: 10.455723 seconds.
  path: Assets/Animations/NinjaWalkForward.fbx
  artifactKey: Guid(02f4b69d3f3b2774ea1aa0c225f44c7d) Importer(815301076,1909f56bfc062723c751e8b465ee728b)
Start importing Assets/Animations/NinjaWalkForward.fbx using Guid(02f4b69d3f3b2774ea1aa0c225f44c7d) Importer(815301076,1909f56bfc062723c751e8b465ee728b)  -> (artifact id: 'f507778b09940516db434c3f4260b8e1') in 0.029208 seconds
  Import took 0.033275 seconds .

========================================================================
Received Import Request.
  Time since last request: 20.701924 seconds.
  path: Assets/Animations/mixamo.com.anim
  artifactKey: Guid(2fd207424a7c0294096ec2fd3aa5f461) Importer(815301076,1909f56bfc062723c751e8b465ee728b)
Start importing Assets/Animations/mixamo.com.anim using Guid(2fd207424a7c0294096ec2fd3aa5f461) Importer(815301076,1909f56bfc062723c751e8b465ee728b)  -> (artifact id: '2699a43f465e5400d51b0eb8e1765ae1') in 0.006523 seconds
  Import took 0.009689 seconds .

========================================================================
Received Import Request.
  Time since last request: 9.988398 seconds.
  path: Assets/Animations/NinjaWalkForward2.anim
  artifactKey: Guid(2fd207424a7c0294096ec2fd3aa5f461) Importer(815301076,1909f56bfc062723c751e8b465ee728b)
Start importing Assets/Animations/NinjaWalkForward2.anim using Guid(2fd207424a7c0294096ec2fd3aa5f461) Importer(815301076,1909f56bfc062723c751e8b465ee728b)  -> (artifact id: '521cf1afe81722a5b0ba50f011bae56f') in 0.006518 seconds
  Import took 0.009431 seconds .

========================================================================
Received Import Request.
  Time since last request: 12.642736 seconds.
  path: Assets/Animations/NinjaRun2.fbx
  artifactKey: Guid(f863af790a26104479eeb82726e7a788) Importer(815301076,1909f56bfc062723c751e8b465ee728b)
Start importing Assets/Animations/NinjaRun2.fbx using Guid(f863af790a26104479eeb82726e7a788) Importer(815301076,1909f56bfc062723c751e8b465ee728b)  -> (artifact id: 'dfcc78dd9c3cc8040ad91e3647fd0bb3') in 0.060094 seconds
  Import took 0.063580 seconds .

========================================================================
Received Import Request.
  Time since last request: 2.798770 seconds.
  path: Assets/Animations/mixamo.com.anim
  artifactKey: Guid(bb36c4e53dec2b844a34bee0e8ece324) Importer(815301076,1909f56bfc062723c751e8b465ee728b)
Start importing Assets/Animations/mixamo.com.anim using Guid(bb36c4e53dec2b844a34bee0e8ece324) Importer(815301076,1909f56bfc062723c751e8b465ee728b)  -> (artifact id: 'bca9153d7ceda80f2ff01c9e203880a4') in 0.006470 seconds
  Import took 0.009057 seconds .

========================================================================
Received Import Request.
  Time since last request: 5.421418 seconds.
  path: Assets/Animations/NinjaRun2.anim
  artifactKey: Guid(bb36c4e53dec2b844a34bee0e8ece324) Importer(815301076,1909f56bfc062723c751e8b465ee728b)
Start importing Assets/Animations/NinjaRun2.anim using Guid(bb36c4e53dec2b844a34bee0e8ece324) Importer(815301076,1909f56bfc062723c751e8b465ee728b)  -> (artifact id: '60eb6948b5f91ffc36e7c73c97dc215b') in 0.006713 seconds
  Import took 0.010049 seconds .

========================================================================
Received Prepare
Registering precompiled user dll's ...
Registered in 0.003335 seconds.
Begin MonoManager ReloadAssembly
Native extension for LinuxStandalone target not found
Native extension for WindowsStandalone target not found
Native extension for WebGL target not found
Refreshing native plugins compatible for Editor in 0.83 ms, found 0 plugins.
Preloading 0 native plugins for Editor in 0.00 ms.
Invoked RoslynAnalysisRunner static constructor.
RoslynAnalysisRunner will not be running.
RoslynAnalysisRunner has terminated.
Mono: successfully reloaded assembly
- Completed reload, in  0.666 seconds
Platform modules already initialized, skipping
Refreshing native plugins compatible for Editor in 0.35 ms, found 0 plugins.
Preloading 0 native plugins for Editor in 0.00 ms.
Unloading 1511 Unused Serialized files (Serialized files now loaded: 0)
System memory in use before: 84.5 MB.
System memory in use after: 84.6 MB.

Unloading 28 unused Assets to reduce memory usage. Loaded Objects now: 2023.
Total: 1.571900 ms (FindLiveObjects: 0.227100 ms CreateObjectMapping: 0.057300 ms MarkObjects: 1.270900 ms  DeleteObjects: 0.015800 ms)

========================================================================
Received Import Request.
  Time since last request: 226.237087 seconds.
  path: Assets/Scripts/SpikeTrap.cs
  artifactKey: Guid(b459738c72ee08e4cad1c170813e4b16) Importer(815301076,1909f56bfc062723c751e8b465ee728b)
Start importing Assets/Scripts/SpikeTrap.cs using Guid(b459738c72ee08e4cad1c170813e4b16) Importer(815301076,1909f56bfc062723c751e8b465ee728b)  -> (artifact id: '93a86183443ce2357dd5eed45d882fae') in 0.005116 seconds
  Import took 0.013888 seconds .

========================================================================
Received Prepare
Registering precompiled user dll's ...
Registered in 0.003342 seconds.
Begin MonoManager ReloadAssembly
Native extension for LinuxStandalone target not found
Native extension for WindowsStandalone target not found
Native extension for WebGL target not found
Refreshing native plugins compatible for Editor in 0.36 ms, found 0 plugins.
Preloading 0 native plugins for Editor in 0.00 ms.
Invoked RoslynAnalysisRunner static constructor.
RoslynAnalysisRunner will not be running.
RoslynAnalysisRunner has terminated.
Mono: successfully reloaded assembly
- Completed reload, in  0.669 seconds
Platform modules already initialized, skipping
Refreshing native plugins compatible for Editor in 0.45 ms, found 0 plugins.
Preloading 0 native plugins for Editor in 0.00 ms.
Unloading 1511 Unused Serialized files (Serialized files now loaded: 0)
System memory in use before: 84.7 MB.
System memory in use after: 84.8 MB.

Unloading 28 unused Assets to reduce memory usage. Loaded Objects now: 2025.
Total: 2.976300 ms (FindLiveObjects: 0.339300 ms CreateObjectMapping: 0.174000 ms MarkObjects: 2.439500 ms  DeleteObjects: 0.021300 ms)

========================================================================
Received Prepare
Registering precompiled user dll's ...
Registered in 0.003306 seconds.
Begin MonoManager ReloadAssembly
Native extension for LinuxStandalone target not found
Native extension for WindowsStandalone target not found
Native extension for WebGL target not found
Refreshing native plugins compatible for Editor in 0.43 ms, found 0 plugins.
Preloading 0 native plugins for Editor in 0.00 ms.
Invoked RoslynAnalysisRunner static constructor.
RoslynAnalysisRunner will not be running.
RoslynAnalysisRunner has terminated.
Mono: successfully reloaded assembly
- Completed reload, in  0.777 seconds
Platform modules already initialized, skipping
Refreshing native plugins compatible for Editor in 0.94 ms, found 0 plugins.
Preloading 0 native plugins for Editor in 0.00 ms.
Unloading 1511 Unused Serialized files (Serialized files now loaded: 0)
System memory in use before: 84.9 MB.
System memory in use after: 85.0 MB.

Unloading 28 unused Assets to reduce memory usage. Loaded Objects now: 2027.
Total: 3.276000 ms (FindLiveObjects: 0.315700 ms CreateObjectMapping: 0.067600 ms MarkObjects: 2.846400 ms  DeleteObjects: 0.044200 ms)

========================================================================
Received Import Request.
  Time since last request: 558.790498 seconds.
  path: ProjectSettings/TagManager.asset
  artifactKey: Guid(00000000000000003000000000000000) Importer(815301076,1909f56bfc062723c751e8b465ee728b)
Start importing ProjectSettings/TagManager.asset using Guid(00000000000000003000000000000000) Importer(815301076,1909f56bfc062723c751e8b465ee728b)  -> (artifact id: '687983853335335d08b0cc1a5d680930') in 0.011308 seconds
  Import took 0.014556 seconds .

========================================================================
Received Prepare
Registering precompiled user dll's ...
Registered in 0.003281 seconds.
Begin MonoManager ReloadAssembly
Native extension for LinuxStandalone target not found
Native extension for WindowsStandalone target not found
Native extension for WebGL target not found
Refreshing native plugins compatible for Editor in 0.37 ms, found 0 plugins.
Preloading 0 native plugins for Editor in 0.00 ms.
Invoked RoslynAnalysisRunner static constructor.
RoslynAnalysisRunner will not be running.
RoslynAnalysisRunner has terminated.
Mono: successfully reloaded assembly
- Completed reload, in  0.673 seconds
Platform modules already initialized, skipping
Refreshing native plugins compatible for Editor in 0.37 ms, found 0 plugins.
Preloading 0 native plugins for Editor in 0.00 ms.
Unloading 1511 Unused Serialized files (Serialized files now loaded: 0)
System memory in use before: 85.1 MB.
System memory in use after: 85.2 MB.

Unloading 29 unused Assets to reduce memory usage. Loaded Objects now: 2029.
Total: 1.712900 ms (FindLiveObjects: 0.189600 ms CreateObjectMapping: 0.054200 ms MarkObjects: 1.448600 ms  DeleteObjects: 0.019200 ms)

========================================================================
Received Import Request.
  Time since last request: 99.725593 seconds.
  path: ProjectSettings/TagManager.asset
  artifactKey: Guid(00000000000000003000000000000000) Importer(815301076,1909f56bfc062723c751e8b465ee728b)
Start importing ProjectSettings/TagManager.asset using Guid(00000000000000003000000000000000) Importer(815301076,1909f56bfc062723c751e8b465ee728b)  -> (artifact id: '71107729842ec9b927379d58718543be') in 0.012366 seconds
  Import took 0.016218 seconds .

========================================================================
Received Prepare
Registering precompiled user dll's ...
Registered in 0.003373 seconds.
Begin MonoManager ReloadAssembly
Native extension for LinuxStandalone target not found
Native extension for WindowsStandalone target not found
Native extension for WebGL target not found
Refreshing native plugins compatible for Editor in 0.39 ms, found 0 plugins.
Preloading 0 native plugins for Editor in 0.00 ms.
Invoked RoslynAnalysisRunner static constructor.
RoslynAnalysisRunner will not be running.
RoslynAnalysisRunner has terminated.
Mono: successfully reloaded assembly
- Completed reload, in  0.646 seconds
Platform modules already initialized, skipping
Refreshing native plugins compatible for Editor in 0.81 ms, found 0 plugins.
Preloading 0 native plugins for Editor in 0.00 ms.
Unloading 1511 Unused Serialized files (Serialized files now loaded: 0)
System memory in use before: 85.2 MB.
System memory in use after: 85.3 MB.

Unloading 29 unused Assets to reduce memory usage. Loaded Objects now: 2031.
Total: 1.866200 ms (FindLiveObjects: 0.321700 ms CreateObjectMapping: 0.072700 ms MarkObjects: 1.449400 ms  DeleteObjects: 0.021000 ms)

========================================================================
Received Prepare
Registering precompiled user dll's ...
Registered in 0.003483 seconds.
Begin MonoManager ReloadAssembly
Native extension for LinuxStandalone target not found
Native extension for WindowsStandalone target not found
Native extension for WebGL target not found
Refreshing native plugins compatible for Editor in 0.36 ms, found 0 plugins.
Preloading 0 native plugins for Editor in 0.00 ms.
Invoked RoslynAnalysisRunner static constructor.
RoslynAnalysisRunner will not be running.
RoslynAnalysisRunner has terminated.
Mono: successfully reloaded assembly
- Completed reload, in  0.635 seconds
Platform modules already initialized, skipping
Refreshing native plugins compatible for Editor in 0.36 ms, found 0 plugins.
Preloading 0 native plugins for Editor in 0.00 ms.
Unloading 1511 Unused Serialized files (Serialized files now loaded: 0)
System memory in use before: 84.5 MB.
System memory in use after: 84.6 MB.

Unloading 28 unused Assets to reduce memory usage. Loaded Objects now: 2033.
Total: 1.730100 ms (FindLiveObjects: 0.253200 ms CreateObjectMapping: 0.070000 ms MarkObjects: 1.387800 ms  DeleteObjects: 0.017600 ms)

========================================================================
Received Import Request.
  Time since last request: 449.319685 seconds.
  path: Assets/Scripts/MovementController.cs
  artifactKey: Guid(a2099a6e0613a744291beb2834b6a3a9) Importer(815301076,1909f56bfc062723c751e8b465ee728b)
Start importing Assets/Scripts/MovementController.cs using Guid(a2099a6e0613a744291beb2834b6a3a9) Importer(815301076,1909f56bfc062723c751e8b465ee728b)  -> (artifact id: '571322ec600e9d5b734f9e0374a61e39') in 0.003565 seconds
  Import took 0.012017 seconds .

========================================================================
Received Prepare
Registering precompiled user dll's ...
Registered in 0.003407 seconds.
Begin MonoManager ReloadAssembly
Native extension for LinuxStandalone target not found
Native extension for WindowsStandalone target not found
Native extension for WebGL target not found
Refreshing native plugins compatible for Editor in 0.36 ms, found 0 plugins.
Preloading 0 native plugins for Editor in 0.00 ms.
Invoked RoslynAnalysisRunner static constructor.
RoslynAnalysisRunner will not be running.
RoslynAnalysisRunner has terminated.
Mono: successfully reloaded assembly
- Completed reload, in  0.630 seconds
Platform modules already initialized, skipping
Refreshing native plugins compatible for Editor in 0.37 ms, found 0 plugins.
Preloading 0 native plugins for Editor in 0.00 ms.
Unloading 1511 Unused Serialized files (Serialized files now loaded: 0)
System memory in use before: 84.7 MB.
System memory in use after: 84.8 MB.

Unloading 28 unused Assets to reduce memory usage. Loaded Objects now: 2035.
Total: 1.871300 ms (FindLiveObjects: 0.227300 ms CreateObjectMapping: 0.056100 ms MarkObjects: 1.553800 ms  DeleteObjects: 0.033300 ms)

========================================================================
Received Import Request.
  Time since last request: 37.722167 seconds.
  path: Assets/Scripts/MovementController.cs
  artifactKey: Guid(a2099a6e0613a744291beb2834b6a3a9) Importer(815301076,1909f56bfc062723c751e8b465ee728b)
Start importing Assets/Scripts/MovementController.cs using Guid(a2099a6e0613a744291beb2834b6a3a9) Importer(815301076,1909f56bfc062723c751e8b465ee728b)  -> (artifact id: '42779a6b1d38503c70e5277f39f87269') in 0.003761 seconds
  Import took 0.006280 seconds .

========================================================================
Received Prepare
Registering precompiled user dll's ...
Registered in 0.003362 seconds.
Begin MonoManager ReloadAssembly
Native extension for LinuxStandalone target not found
Native extension for WindowsStandalone target not found
Native extension for WebGL target not found
Refreshing native plugins compatible for Editor in 0.37 ms, found 0 plugins.
Preloading 0 native plugins for Editor in 0.00 ms.
Invoked RoslynAnalysisRunner static constructor.
RoslynAnalysisRunner will not be running.
RoslynAnalysisRunner has terminated.
Mono: successfully reloaded assembly
- Completed reload, in  0.634 seconds
Platform modules already initialized, skipping
Refreshing native plugins compatible for Editor in 0.38 ms, found 0 plugins.
Preloading 0 native plugins for Editor in 0.00 ms.
Unloading 1511 Unused Serialized files (Serialized files now loaded: 0)
System memory in use before: 84.8 MB.
System memory in use after: 84.9 MB.

Unloading 28 unused Assets to reduce memory usage. Loaded Objects now: 2037.
Total: 1.480400 ms (FindLiveObjects: 0.174700 ms CreateObjectMapping: 0.052700 ms MarkObjects: 1.235000 ms  DeleteObjects: 0.017200 ms)

========================================================================
Received Import Request.
  Time since last request: 311.524831 seconds.
  path: Assets/Scripts/MovementController.cs
  artifactKey: Guid(a2099a6e0613a744291beb2834b6a3a9) Importer(815301076,1909f56bfc062723c751e8b465ee728b)
Start importing Assets/Scripts/MovementController.cs using Guid(a2099a6e0613a744291beb2834b6a3a9) Importer(815301076,1909f56bfc062723c751e8b465ee728b)  -> (artifact id: 'c02145365f3d5ae1b3a6f9a3ef00d812') in 0.003485 seconds
  Import took 0.005359 seconds .

========================================================================
Received Import Request.
  Time since last request: 31.648283 seconds.
  path: Assets/Scripts/AnimationStateController.cs
  artifactKey: Guid(430cfe547bbd14c4494e4198953e71d6) Importer(815301076,1909f56bfc062723c751e8b465ee728b)
Start importing Assets/Scripts/AnimationStateController.cs using Guid(430cfe547bbd14c4494e4198953e71d6) Importer(815301076,1909f56bfc062723c751e8b465ee728b)  -> (artifact id: '84ba2ae197b0de6599af91c14d271548') in 0.001820 seconds
  Import took 0.010280 seconds .

========================================================================
Received Import Request.
  Time since last request: 0.000961 seconds.
  path: Assets/Scripts/AnimationStateController.cs
  artifactKey: Guid(430cfe547bbd14c4494e4198953e71d6) Importer(815301076,1909f56bfc062723c751e8b465ee728b)
Start importing Assets/Scripts/AnimationStateController.cs using Guid(430cfe547bbd14c4494e4198953e71d6) Importer(815301076,1909f56bfc062723c751e8b465ee728b)  -> (artifact id: '84ba2ae197b0de6599af91c14d271548') in 0.002026 seconds
  Import took 0.004526 seconds .

========================================================================
Received Prepare
Registering precompiled user dll's ...
Registered in 0.003458 seconds.
Begin MonoManager ReloadAssembly
Native extension for LinuxStandalone target not found
Native extension for WindowsStandalone target not found
Native extension for WebGL target not found
Refreshing native plugins compatible for Editor in 0.35 ms, found 0 plugins.
Preloading 0 native plugins for Editor in 0.00 ms.
Invoked RoslynAnalysisRunner static constructor.
RoslynAnalysisRunner will not be running.
RoslynAnalysisRunner has terminated.
Mono: successfully reloaded assembly
- Completed reload, in  0.628 seconds
Platform modules already initialized, skipping
Refreshing native plugins compatible for Editor in 0.53 ms, found 0 plugins.
Preloading 0 native plugins for Editor in 0.00 ms.
Unloading 1511 Unused Serialized files (Serialized files now loaded: 0)
System memory in use before: 85.0 MB.
System memory in use after: 85.1 MB.

Unloading 28 unused Assets to reduce memory usage. Loaded Objects now: 2039.
Total: 1.666300 ms (FindLiveObjects: 0.189700 ms CreateObjectMapping: 0.067700 ms MarkObjects: 1.391400 ms  DeleteObjects: 0.016600 ms)

========================================================================
Received Prepare
Registering precompiled user dll's ...
Registered in 0.003181 seconds.
Begin MonoManager ReloadAssembly
Native extension for LinuxStandalone target not found
Native extension for WindowsStandalone target not found
Native extension for WebGL target not found
Refreshing native plugins compatible for Editor in 0.36 ms, found 0 plugins.
Preloading 0 native plugins for Editor in 0.00 ms.
Invoked RoslynAnalysisRunner static constructor.
RoslynAnalysisRunner will not be running.
RoslynAnalysisRunner has terminated.
Mono: successfully reloaded assembly
- Completed reload, in  0.624 seconds
Platform modules already initialized, skipping
Refreshing native plugins compatible for Editor in 0.38 ms, found 0 plugins.
Preloading 0 native plugins for Editor in 0.00 ms.
Unloading 1511 Unused Serialized files (Serialized files now loaded: 0)
System memory in use before: 85.2 MB.
System memory in use after: 85.3 MB.

Unloading 28 unused Assets to reduce memory usage. Loaded Objects now: 2041.
Total: 3.390200 ms (FindLiveObjects: 0.415600 ms CreateObjectMapping: 0.153900 ms MarkObjects: 2.790900 ms  DeleteObjects: 0.027500 ms)

